<?xml version="1.0" encoding="UTF-8"?>
<!-- Generated by org.testng.reporters.JUnitXMLReporter -->
<testsuite hostname="LAPTOP-KAGLUQR3" ignored="0" name="Test" tests="8" failures="0" timestamp="19 Jan 2023 14:24:41 GMT" time="0.043" errors="0">
  <testcase name="tc01" time="0.008" classname="org.excel.TestNg"/>
  <testcase name="tc07" time="0.007" classname="org.excel.TestNg2"/>
  <testcase name="tc02" time="0.001" classname="org.excel.TestNg"/>
  <testcase name="tc08" time="0.002" classname="org.excel.TestNg2"/>
  <testcase name="tc03" time="0.001" classname="org.excel.TestNg"/>
  <testcase name="tc04" time="0.0" classname="org.excel.TestNg"/>
  <testcase name="tc05" time="0.0" classname="org.excel.TestNg"/>
  <testcase name="tc06" time="0.0" classname="org.excel.TestNg"/>
</testsuite> <!-- Test -->
